        -:    0:Source:main.cpp
        -:    0:Graph:main.gcno
        -:    0:Data:main.gcda
        -:    0:Runs:2
        -:    0:Programs:1
        -:    1:/*
        -:    2:*  main.cpp
        -:    3:*  Lab2
        -:    4:*
        -:    5:*  Created by Lukas Ferreira on 14/09/16.
        -:    6:*  Copyright © 2016 Lukas Ferreira. All rights reserved.
        -:    7:*/
        -:    8:
        -:    9:#include "gtest/gtest.h"
        -:   10:using namespace testing;
        -:   11:
        -:   12:int main(int argc, char **argv)
        -:   13:{
        2:   14:    InitGoogleTest(&argc, argv);
        2:   15:    return RUN_ALL_TESTS();
        -:   16:}
